<?xml version="1.0" encoding="UTF-8"?>
<testng-results ignored="0" total="1" passed="1" failed="0" skipped="0">
  <reporter-output>
  </reporter-output>
  <suite started-at="2024-06-18T15:34:06 CEST" name="Default suite" finished-at="2024-06-18T15:34:32 CEST" duration-ms="25776">
    <groups>
    </groups>
    <test started-at="2024-06-18T15:34:06 CEST" name="Default test" finished-at="2024-06-18T15:34:32 CEST" duration-ms="25776">
      <class name="selepractoce.ecomm.PomTest2">
        <test-method is-config="true" signature="launchApplication()[pri:0, instance:selepractoce.ecomm.PomTest2@66f57048]" started-at="2024-06-18T15:34:06 CEST" name="launchApplication" finished-at="2024-06-18T15:34:17 CEST" duration-ms="10233" status="PASS">
          <reporter-output>
          </reporter-output>
        </test-method> <!-- launchApplication -->
        <test-method signature="e2eTest()[pri:0, instance:selepractoce.ecomm.PomTest2@66f57048]" started-at="2024-06-18T15:34:17 CEST" name="e2eTest" finished-at="2024-06-18T15:34:32 CEST" duration-ms="15461" status="PASS">
          <reporter-output>
          </reporter-output>
        </test-method> <!-- e2eTest -->
      </class> <!-- selepractoce.ecomm.PomTest2 -->
    </test> <!-- Default test -->
  </suite> <!-- Default suite -->
</testng-results>
